	-----Tic-Tac-Toe-----
	Welcome to the Tic-Tac-Toe game,
	Player 1 please choose you symbol.
	1 for X	2 for O
: 
Now please enter the playboard's dimension
you would want to play in the game in.
: 
Turn 0
-----------------------------
|   |   |   |   |   |   |
|   |   |   |   |   |   |
|   |   |   |   |   |   |
|   |   |   |   |   |   |
|   |   |   |   |   |   |
|   |   |   |   |   |   |
-----------------------------
Player 1, Please pick a spot between 1-9 on the board: Turn 1
-----------------------------
| X |   |   |   |   |   |
|   |   |   |   |   |   |
|   |   |   |   |   |   |
|   |   |   |   |   |   |
|   |   |   |   |   |   |
|   |   |   |   |   |   |
-----------------------------
Player 2, Please pick a spot between 1-9 on the board: Turn 2
-----------------------------
| X |   |   |   |   |   |
| O |   |   |   |   |   |
|   |   |   |   |   |   |
|   |   |   |   |   |   |
|   |   |   |   |   |   |
|   |   |   |   |   |   |
-----------------------------
Player 1, Please pick a spot between 1-9 on the board: Turn 3
-----------------------------
| X | X |   |   |   |   |
| O |   |   |   |   |   |
|   |   |   |   |   |   |
|   |   |   |   |   |   |
|   |   |   |   |   |   |
|   |   |   |   |   |   |
-----------------------------
Player 2, Please pick a spot between 1-9 on the board: Turn 4
-----------------------------
| X | X |   |   |   |   |
| O | O |   |   |   |   |
|   |   |   |   |   |   |
|   |   |   |   |   |   |
|   |   |   |   |   |   |
|   |   |   |   |   |   |
-----------------------------
Player 1, Please pick a spot between 1-9 on the board: Turn 5
-----------------------------
| X | X | X |   |   |   |
| O | O |   |   |   |   |
|   |   |   |   |   |   |
|   |   |   |   |   |   |
|   |   |   |   |   |   |
|   |   |   |   |   |   |
-----------------------------
Player 2, Please pick a spot between 1-9 on the board: Turn 6
-----------------------------
| X | X | X |   |   |   |
| O | O | O |   |   |   |
|   |   |   |   |   |   |
|   |   |   |   |   |   |
|   |   |   |   |   |   |
|   |   |   |   |   |   |
-----------------------------
Player 1, Please pick a spot between 1-9 on the board: Turn 7
-----------------------------
| X | X | X | X |   |   |
| O | O | O |   |   |   |
|   |   |   |   |   |   |
|   |   |   |   |   |   |
|   |   |   |   |   |   |
|   |   |   |   |   |   |
-----------------------------
Player 2, Please pick a spot between 1-9 on the board: Turn 8
-----------------------------
| X | X | X | X |   |   |
| O | O | O | O |   |   |
|   |   |   |   |   |   |
|   |   |   |   |   |   |
|   |   |   |   |   |   |
|   |   |   |   |   |   |
-----------------------------
Player 1, Please pick a spot between 1-9 on the board: Turn 9
-----------------------------
| X | X | X | X | X |   |
| O | O | O | O |   |   |
|   |   |   |   |   |   |
|   |   |   |   |   |   |
|   |   |   |   |   |   |
|   |   |   |   |   |   |
-----------------------------
Player 2, Please pick a spot between 1-9 on the board: Turn 10
-----------------------------
| X | X | X | X | X |   |
| O | O | O | O |   | O |
|   |   |   |   |   |   |
|   |   |   |   |   |   |
|   |   |   |   |   |   |
|   |   |   |   |   |   |
-----------------------------
Player 1, Please pick a spot between 1-9 on the board: Turn 11
-----------------------------
| X | X | X | X | X | X |
| O | O | O | O |   | O |
|   |   |   |   |   |   |
|   |   |   |   |   |   |
|   |   |   |   |   |   |
|   |   |   |   |   |   |
-----------------------------
Player 1 is the Winner!
