	-----Tic-Tac-Toe-----
	Welcome to the Tic-Tac-Toe game,
	Player 1 please choose you symbol.
	1 for X	2 for O
: 
Now please enter the playboard's dimension
you would want to play in the game in.
: 
Turn 0
-------------------------------------------------
|   |   |   |   |   |   |   |   |   |   |
|   |   |   |   |   |   |   |   |   |   |
|   |   |   |   |   |   |   |   |   |   |
|   |   |   |   |   |   |   |   |   |   |
|   |   |   |   |   |   |   |   |   |   |
|   |   |   |   |   |   |   |   |   |   |
|   |   |   |   |   |   |   |   |   |   |
|   |   |   |   |   |   |   |   |   |   |
|   |   |   |   |   |   |   |   |   |   |
|   |   |   |   |   |   |   |   |   |   |
-------------------------------------------------
Player 1, Please pick a spot between 1-9 on the board: Turn 1
-------------------------------------------------
| X |   |   |   |   |   |   |   |   |   |
|   |   |   |   |   |   |   |   |   |   |
|   |   |   |   |   |   |   |   |   |   |
|   |   |   |   |   |   |   |   |   |   |
|   |   |   |   |   |   |   |   |   |   |
|   |   |   |   |   |   |   |   |   |   |
|   |   |   |   |   |   |   |   |   |   |
|   |   |   |   |   |   |   |   |   |   |
|   |   |   |   |   |   |   |   |   |   |
|   |   |   |   |   |   |   |   |   |   |
-------------------------------------------------
Player 2, Please pick a spot between 1-9 on the board: Turn 2
-------------------------------------------------
| X | O |   |   |   |   |   |   |   |   |
|   |   |   |   |   |   |   |   |   |   |
|   |   |   |   |   |   |   |   |   |   |
|   |   |   |   |   |   |   |   |   |   |
|   |   |   |   |   |   |   |   |   |   |
|   |   |   |   |   |   |   |   |   |   |
|   |   |   |   |   |   |   |   |   |   |
|   |   |   |   |   |   |   |   |   |   |
|   |   |   |   |   |   |   |   |   |   |
|   |   |   |   |   |   |   |   |   |   |
-------------------------------------------------
Player 1, Please pick a spot between 1-9 on the board: Turn 3
-------------------------------------------------
| X | O | X |   |   |   |   |   |   |   |
|   |   |   |   |   |   |   |   |   |   |
|   |   |   |   |   |   |   |   |   |   |
|   |   |   |   |   |   |   |   |   |   |
|   |   |   |   |   |   |   |   |   |   |
|   |   |   |   |   |   |   |   |   |   |
|   |   |   |   |   |   |   |   |   |   |
|   |   |   |   |   |   |   |   |   |   |
|   |   |   |   |   |   |   |   |   |   |
|   |   |   |   |   |   |   |   |   |   |
-------------------------------------------------
Player 2, Please pick a spot between 1-9 on the board: Turn 4
-------------------------------------------------
| X | O | X | O |   |   |   |   |   |   |
|   |   |   |   |   |   |   |   |   |   |
|   |   |   |   |   |   |   |   |   |   |
|   |   |   |   |   |   |   |   |   |   |
|   |   |   |   |   |   |   |   |   |   |
|   |   |   |   |   |   |   |   |   |   |
|   |   |   |   |   |   |   |   |   |   |
|   |   |   |   |   |   |   |   |   |   |
|   |   |   |   |   |   |   |   |   |   |
|   |   |   |   |   |   |   |   |   |   |
-------------------------------------------------
Player 1, Please pick a spot between 1-9 on the board: Turn 5
-------------------------------------------------
| X | O | X | O | X |   |   |   |   |   |
|   |   |   |   |   |   |   |   |   |   |
|   |   |   |   |   |   |   |   |   |   |
|   |   |   |   |   |   |   |   |   |   |
|   |   |   |   |   |   |   |   |   |   |
|   |   |   |   |   |   |   |   |   |   |
|   |   |   |   |   |   |   |   |   |   |
|   |   |   |   |   |   |   |   |   |   |
|   |   |   |   |   |   |   |   |   |   |
|   |   |   |   |   |   |   |   |   |   |
-------------------------------------------------
Player 2, Please pick a spot between 1-9 on the board: Turn 6
-------------------------------------------------
| X | O | X | O | X | O |   |   |   |   |
|   |   |   |   |   |   |   |   |   |   |
|   |   |   |   |   |   |   |   |   |   |
|   |   |   |   |   |   |   |   |   |   |
|   |   |   |   |   |   |   |   |   |   |
|   |   |   |   |   |   |   |   |   |   |
|   |   |   |   |   |   |   |   |   |   |
|   |   |   |   |   |   |   |   |   |   |
|   |   |   |   |   |   |   |   |   |   |
|   |   |   |   |   |   |   |   |   |   |
-------------------------------------------------
Player 1, Please pick a spot between 1-9 on the board: Turn 7
-------------------------------------------------
| X | O | X | O | X | O | X |   |   |   |
|   |   |   |   |   |   |   |   |   |   |
|   |   |   |   |   |   |   |   |   |   |
|   |   |   |   |   |   |   |   |   |   |
|   |   |   |   |   |   |   |   |   |   |
|   |   |   |   |   |   |   |   |   |   |
|   |   |   |   |   |   |   |   |   |   |
|   |   |   |   |   |   |   |   |   |   |
|   |   |   |   |   |   |   |   |   |   |
|   |   |   |   |   |   |   |   |   |   |
-------------------------------------------------
Player 2, Please pick a spot between 1-9 on the board: Turn 8
-------------------------------------------------
| X | O | X | O | X | O | X | O |   |   |
|   |   |   |   |   |   |   |   |   |   |
|   |   |   |   |   |   |   |   |   |   |
|   |   |   |   |   |   |   |   |   |   |
|   |   |   |   |   |   |   |   |   |   |
|   |   |   |   |   |   |   |   |   |   |
|   |   |   |   |   |   |   |   |   |   |
|   |   |   |   |   |   |   |   |   |   |
|   |   |   |   |   |   |   |   |   |   |
|   |   |   |   |   |   |   |   |   |   |
-------------------------------------------------
Player 1, Please pick a spot between 1-9 on the board: Turn 9
-------------------------------------------------
| X | O | X | O | X | O | X | O | X |   |
|   |   |   |   |   |   |   |   |   |   |
|   |   |   |   |   |   |   |   |   |   |
|   |   |   |   |   |   |   |   |   |   |
|   |   |   |   |   |   |   |   |   |   |
|   |   |   |   |   |   |   |   |   |   |
|   |   |   |   |   |   |   |   |   |   |
|   |   |   |   |   |   |   |   |   |   |
|   |   |   |   |   |   |   |   |   |   |
|   |   |   |   |   |   |   |   |   |   |
-------------------------------------------------
Player 2, Please pick a spot between 1-9 on the board: Turn 10
-------------------------------------------------
| X | O | X | O | X | O | X | O | X | O |
|   |   |   |   |   |   |   |   |   |   |
|   |   |   |   |   |   |   |   |   |   |
|   |   |   |   |   |   |   |   |   |   |
|   |   |   |   |   |   |   |   |   |   |
|   |   |   |   |   |   |   |   |   |   |
|   |   |   |   |   |   |   |   |   |   |
|   |   |   |   |   |   |   |   |   |   |
|   |   |   |   |   |   |   |   |   |   |
|   |   |   |   |   |   |   |   |   |   |
-------------------------------------------------
Player 1, Please pick a spot between 1-9 on the board: Turn 11
-------------------------------------------------
| X | O | X | O | X | O | X | O | X | O |
| X |   |   |   |   |   |   |   |   |   |
|   |   |   |   |   |   |   |   |   |   |
|   |   |   |   |   |   |   |   |   |   |
|   |   |   |   |   |   |   |   |   |   |
|   |   |   |   |   |   |   |   |   |   |
|   |   |   |   |   |   |   |   |   |   |
|   |   |   |   |   |   |   |   |   |   |
|   |   |   |   |   |   |   |   |   |   |
|   |   |   |   |   |   |   |   |   |   |
-------------------------------------------------
Player 2, Please pick a spot between 1-9 on the board: Turn 12
-------------------------------------------------
| X | O | X | O | X | O | X | O | X | O |
| X | O |   |   |   |   |   |   |   |   |
|   |   |   |   |   |   |   |   |   |   |
|   |   |   |   |   |   |   |   |   |   |
|   |   |   |   |   |   |   |   |   |   |
|   |   |   |   |   |   |   |   |   |   |
|   |   |   |   |   |   |   |   |   |   |
|   |   |   |   |   |   |   |   |   |   |
|   |   |   |   |   |   |   |   |   |   |
|   |   |   |   |   |   |   |   |   |   |
-------------------------------------------------
Player 1, Please pick a spot between 1-9 on the board: Turn 13
-------------------------------------------------
| X | O | X | O | X | O | X | O | X | O |
| X | O | X |   |   |   |   |   |   |   |
|   |   |   |   |   |   |   |   |   |   |
|   |   |   |   |   |   |   |   |   |   |
|   |   |   |   |   |   |   |   |   |   |
|   |   |   |   |   |   |   |   |   |   |
|   |   |   |   |   |   |   |   |   |   |
|   |   |   |   |   |   |   |   |   |   |
|   |   |   |   |   |   |   |   |   |   |
|   |   |   |   |   |   |   |   |   |   |
-------------------------------------------------
Player 2, Please pick a spot between 1-9 on the board: Turn 14
-------------------------------------------------
| X | O | X | O | X | O | X | O | X | O |
| X | O | X | O |   |   |   |   |   |   |
|   |   |   |   |   |   |   |   |   |   |
|   |   |   |   |   |   |   |   |   |   |
|   |   |   |   |   |   |   |   |   |   |
|   |   |   |   |   |   |   |   |   |   |
|   |   |   |   |   |   |   |   |   |   |
|   |   |   |   |   |   |   |   |   |   |
|   |   |   |   |   |   |   |   |   |   |
|   |   |   |   |   |   |   |   |   |   |
-------------------------------------------------
Player 1, Please pick a spot between 1-9 on the board: Turn 15
-------------------------------------------------
| X | O | X | O | X | O | X | O | X | O |
| X | O | X | O | X |   |   |   |   |   |
|   |   |   |   |   |   |   |   |   |   |
|   |   |   |   |   |   |   |   |   |   |
|   |   |   |   |   |   |   |   |   |   |
|   |   |   |   |   |   |   |   |   |   |
|   |   |   |   |   |   |   |   |   |   |
|   |   |   |   |   |   |   |   |   |   |
|   |   |   |   |   |   |   |   |   |   |
|   |   |   |   |   |   |   |   |   |   |
-------------------------------------------------
Player 2, Please pick a spot between 1-9 on the board: Turn 16
-------------------------------------------------
| X | O | X | O | X | O | X | O | X | O |
| X | O | X | O | X | O |   |   |   |   |
|   |   |   |   |   |   |   |   |   |   |
|   |   |   |   |   |   |   |   |   |   |
|   |   |   |   |   |   |   |   |   |   |
|   |   |   |   |   |   |   |   |   |   |
|   |   |   |   |   |   |   |   |   |   |
|   |   |   |   |   |   |   |   |   |   |
|   |   |   |   |   |   |   |   |   |   |
|   |   |   |   |   |   |   |   |   |   |
-------------------------------------------------
Player 1, Please pick a spot between 1-9 on the board: Turn 17
-------------------------------------------------
| X | O | X | O | X | O | X | O | X | O |
| X | O | X | O | X | O | X |   |   |   |
|   |   |   |   |   |   |   |   |   |   |
|   |   |   |   |   |   |   |   |   |   |
|   |   |   |   |   |   |   |   |   |   |
|   |   |   |   |   |   |   |   |   |   |
|   |   |   |   |   |   |   |   |   |   |
|   |   |   |   |   |   |   |   |   |   |
|   |   |   |   |   |   |   |   |   |   |
|   |   |   |   |   |   |   |   |   |   |
-------------------------------------------------
Player 2, Please pick a spot between 1-9 on the board: Turn 18
-------------------------------------------------
| X | O | X | O | X | O | X | O | X | O |
| X | O | X | O | X | O | X | O |   |   |
|   |   |   |   |   |   |   |   |   |   |
|   |   |   |   |   |   |   |   |   |   |
|   |   |   |   |   |   |   |   |   |   |
|   |   |   |   |   |   |   |   |   |   |
|   |   |   |   |   |   |   |   |   |   |
|   |   |   |   |   |   |   |   |   |   |
|   |   |   |   |   |   |   |   |   |   |
|   |   |   |   |   |   |   |   |   |   |
-------------------------------------------------
Player 1, Please pick a spot between 1-9 on the board: Turn 19
-------------------------------------------------
| X | O | X | O | X | O | X | O | X | O |
| X | O | X | O | X | O | X | O | X |   |
|   |   |   |   |   |   |   |   |   |   |
|   |   |   |   |   |   |   |   |   |   |
|   |   |   |   |   |   |   |   |   |   |
|   |   |   |   |   |   |   |   |   |   |
|   |   |   |   |   |   |   |   |   |   |
|   |   |   |   |   |   |   |   |   |   |
|   |   |   |   |   |   |   |   |   |   |
|   |   |   |   |   |   |   |   |   |   |
-------------------------------------------------
Player 2, Please pick a spot between 1-9 on the board: Turn 20
-------------------------------------------------
| X | O | X | O | X | O | X | O | X | O |
| X | O | X | O | X | O | X | O | X | O |
|   |   |   |   |   |   |   |   |   |   |
|   |   |   |   |   |   |   |   |   |   |
|   |   |   |   |   |   |   |   |   |   |
|   |   |   |   |   |   |   |   |   |   |
|   |   |   |   |   |   |   |   |   |   |
|   |   |   |   |   |   |   |   |   |   |
|   |   |   |   |   |   |   |   |   |   |
|   |   |   |   |   |   |   |   |   |   |
-------------------------------------------------
Player 1, Please pick a spot between 1-9 on the board: Turn 21
-------------------------------------------------
| X | O | X | O | X | O | X | O | X | O |
| X | O | X | O | X | O | X | O | X | O |
| X |   |   |   |   |   |   |   |   |   |
|   |   |   |   |   |   |   |   |   |   |
|   |   |   |   |   |   |   |   |   |   |
|   |   |   |   |   |   |   |   |   |   |
|   |   |   |   |   |   |   |   |   |   |
|   |   |   |   |   |   |   |   |   |   |
|   |   |   |   |   |   |   |   |   |   |
|   |   |   |   |   |   |   |   |   |   |
-------------------------------------------------
Player 2, Please pick a spot between 1-9 on the board: Turn 22
-------------------------------------------------
| X | O | X | O | X | O | X | O | X | O |
| X | O | X | O | X | O | X | O | X | O |
| X | O |   |   |   |   |   |   |   |   |
|   |   |   |   |   |   |   |   |   |   |
|   |   |   |   |   |   |   |   |   |   |
|   |   |   |   |   |   |   |   |   |   |
|   |   |   |   |   |   |   |   |   |   |
|   |   |   |   |   |   |   |   |   |   |
|   |   |   |   |   |   |   |   |   |   |
|   |   |   |   |   |   |   |   |   |   |
-------------------------------------------------
Player 1, Please pick a spot between 1-9 on the board: Turn 23
-------------------------------------------------
| X | O | X | O | X | O | X | O | X | O |
| X | O | X | O | X | O | X | O | X | O |
| X | O | X |   |   |   |   |   |   |   |
|   |   |   |   |   |   |   |   |   |   |
|   |   |   |   |   |   |   |   |   |   |
|   |   |   |   |   |   |   |   |   |   |
|   |   |   |   |   |   |   |   |   |   |
|   |   |   |   |   |   |   |   |   |   |
|   |   |   |   |   |   |   |   |   |   |
|   |   |   |   |   |   |   |   |   |   |
-------------------------------------------------
Player 2, Please pick a spot between 1-9 on the board: Turn 24
-------------------------------------------------
| X | O | X | O | X | O | X | O | X | O |
| X | O | X | O | X | O | X | O | X | O |
| X | O | X | O |   |   |   |   |   |   |
|   |   |   |   |   |   |   |   |   |   |
|   |   |   |   |   |   |   |   |   |   |
|   |   |   |   |   |   |   |   |   |   |
|   |   |   |   |   |   |   |   |   |   |
|   |   |   |   |   |   |   |   |   |   |
|   |   |   |   |   |   |   |   |   |   |
|   |   |   |   |   |   |   |   |   |   |
-------------------------------------------------
Player 1, Please pick a spot between 1-9 on the board: Turn 25
-------------------------------------------------
| X | O | X | O | X | O | X | O | X | O |
| X | O | X | O | X | O | X | O | X | O |
| X | O | X | O | X |   |   |   |   |   |
|   |   |   |   |   |   |   |   |   |   |
|   |   |   |   |   |   |   |   |   |   |
|   |   |   |   |   |   |   |   |   |   |
|   |   |   |   |   |   |   |   |   |   |
|   |   |   |   |   |   |   |   |   |   |
|   |   |   |   |   |   |   |   |   |   |
|   |   |   |   |   |   |   |   |   |   |
-------------------------------------------------
Player 2, Please pick a spot between 1-9 on the board: Turn 26
-------------------------------------------------
| X | O | X | O | X | O | X | O | X | O |
| X | O | X | O | X | O | X | O | X | O |
| X | O | X | O | X | O |   |   |   |   |
|   |   |   |   |   |   |   |   |   |   |
|   |   |   |   |   |   |   |   |   |   |
|   |   |   |   |   |   |   |   |   |   |
|   |   |   |   |   |   |   |   |   |   |
|   |   |   |   |   |   |   |   |   |   |
|   |   |   |   |   |   |   |   |   |   |
|   |   |   |   |   |   |   |   |   |   |
-------------------------------------------------
Player 1, Please pick a spot between 1-9 on the board: Turn 27
-------------------------------------------------
| X | O | X | O | X | O | X | O | X | O |
| X | O | X | O | X | O | X | O | X | O |
| X | O | X | O | X | O | X |   |   |   |
|   |   |   |   |   |   |   |   |   |   |
|   |   |   |   |   |   |   |   |   |   |
|   |   |   |   |   |   |   |   |   |   |
|   |   |   |   |   |   |   |   |   |   |
|   |   |   |   |   |   |   |   |   |   |
|   |   |   |   |   |   |   |   |   |   |
|   |   |   |   |   |   |   |   |   |   |
-------------------------------------------------
Player 2, Please pick a spot between 1-9 on the board: Turn 28
-------------------------------------------------
| X | O | X | O | X | O | X | O | X | O |
| X | O | X | O | X | O | X | O | X | O |
| X | O | X | O | X | O | X | O |   |   |
|   |   |   |   |   |   |   |   |   |   |
|   |   |   |   |   |   |   |   |   |   |
|   |   |   |   |   |   |   |   |   |   |
|   |   |   |   |   |   |   |   |   |   |
|   |   |   |   |   |   |   |   |   |   |
|   |   |   |   |   |   |   |   |   |   |
|   |   |   |   |   |   |   |   |   |   |
-------------------------------------------------
Player 1, Please pick a spot between 1-9 on the board: Turn 29
-------------------------------------------------
| X | O | X | O | X | O | X | O | X | O |
| X | O | X | O | X | O | X | O | X | O |
| X | O | X | O | X | O | X | O | X |   |
|   |   |   |   |   |   |   |   |   |   |
|   |   |   |   |   |   |   |   |   |   |
|   |   |   |   |   |   |   |   |   |   |
|   |   |   |   |   |   |   |   |   |   |
|   |   |   |   |   |   |   |   |   |   |
|   |   |   |   |   |   |   |   |   |   |
|   |   |   |   |   |   |   |   |   |   |
-------------------------------------------------
Player 2, Please pick a spot between 1-9 on the board: Turn 30
-------------------------------------------------
| X | O | X | O | X | O | X | O | X | O |
| X | O | X | O | X | O | X | O | X | O |
| X | O | X | O | X | O | X | O | X | O |
|   |   |   |   |   |   |   |   |   |   |
|   |   |   |   |   |   |   |   |   |   |
|   |   |   |   |   |   |   |   |   |   |
|   |   |   |   |   |   |   |   |   |   |
|   |   |   |   |   |   |   |   |   |   |
|   |   |   |   |   |   |   |   |   |   |
|   |   |   |   |   |   |   |   |   |   |
-------------------------------------------------
Player 1, Please pick a spot between 1-9 on the board: Turn 31
-------------------------------------------------
| X | O | X | O | X | O | X | O | X | O |
| X | O | X | O | X | O | X | O | X | O |
| X | O | X | O | X | O | X | O | X | O |
| X |   |   |   |   |   |   |   |   |   |
|   |   |   |   |   |   |   |   |   |   |
|   |   |   |   |   |   |   |   |   |   |
|   |   |   |   |   |   |   |   |   |   |
|   |   |   |   |   |   |   |   |   |   |
|   |   |   |   |   |   |   |   |   |   |
|   |   |   |   |   |   |   |   |   |   |
-------------------------------------------------
Player 2, Please pick a spot between 1-9 on the board: Turn 32
-------------------------------------------------
| X | O | X | O | X | O | X | O | X | O |
| X | O | X | O | X | O | X | O | X | O |
| X | O | X | O | X | O | X | O | X | O |
| X | O |   |   |   |   |   |   |   |   |
|   |   |   |   |   |   |   |   |   |   |
|   |   |   |   |   |   |   |   |   |   |
|   |   |   |   |   |   |   |   |   |   |
|   |   |   |   |   |   |   |   |   |   |
|   |   |   |   |   |   |   |   |   |   |
|   |   |   |   |   |   |   |   |   |   |
-------------------------------------------------
Player 1, Please pick a spot between 1-9 on the board: Turn 33
-------------------------------------------------
| X | O | X | O | X | O | X | O | X | O |
| X | O | X | O | X | O | X | O | X | O |
| X | O | X | O | X | O | X | O | X | O |
| X | O | X |   |   |   |   |   |   |   |
|   |   |   |   |   |   |   |   |   |   |
|   |   |   |   |   |   |   |   |   |   |
|   |   |   |   |   |   |   |   |   |   |
|   |   |   |   |   |   |   |   |   |   |
|   |   |   |   |   |   |   |   |   |   |
|   |   |   |   |   |   |   |   |   |   |
-------------------------------------------------
Player 2, Please pick a spot between 1-9 on the board: Turn 34
-------------------------------------------------
| X | O | X | O | X | O | X | O | X | O |
| X | O | X | O | X | O | X | O | X | O |
| X | O | X | O | X | O | X | O | X | O |
| X | O | X | O |   |   |   |   |   |   |
|   |   |   |   |   |   |   |   |   |   |
|   |   |   |   |   |   |   |   |   |   |
|   |   |   |   |   |   |   |   |   |   |
|   |   |   |   |   |   |   |   |   |   |
|   |   |   |   |   |   |   |   |   |   |
|   |   |   |   |   |   |   |   |   |   |
-------------------------------------------------
Player 1, Please pick a spot between 1-9 on the board: Turn 35
-------------------------------------------------
| X | O | X | O | X | O | X | O | X | O |
| X | O | X | O | X | O | X | O | X | O |
| X | O | X | O | X | O | X | O | X | O |
| X | O | X | O | X |   |   |   |   |   |
|   |   |   |   |   |   |   |   |   |   |
|   |   |   |   |   |   |   |   |   |   |
|   |   |   |   |   |   |   |   |   |   |
|   |   |   |   |   |   |   |   |   |   |
|   |   |   |   |   |   |   |   |   |   |
|   |   |   |   |   |   |   |   |   |   |
-------------------------------------------------
Player 2, Please pick a spot between 1-9 on the board: Turn 36
-------------------------------------------------
| X | O | X | O | X | O | X | O | X | O |
| X | O | X | O | X | O | X | O | X | O |
| X | O | X | O | X | O | X | O | X | O |
| X | O | X | O | X | O |   |   |   |   |
|   |   |   |   |   |   |   |   |   |   |
|   |   |   |   |   |   |   |   |   |   |
|   |   |   |   |   |   |   |   |   |   |
|   |   |   |   |   |   |   |   |   |   |
|   |   |   |   |   |   |   |   |   |   |
|   |   |   |   |   |   |   |   |   |   |
-------------------------------------------------
Player 1, Please pick a spot between 1-9 on the board: Turn 37
-------------------------------------------------
| X | O | X | O | X | O | X | O | X | O |
| X | O | X | O | X | O | X | O | X | O |
| X | O | X | O | X | O | X | O | X | O |
| X | O | X | O | X | O | X |   |   |   |
|   |   |   |   |   |   |   |   |   |   |
|   |   |   |   |   |   |   |   |   |   |
|   |   |   |   |   |   |   |   |   |   |
|   |   |   |   |   |   |   |   |   |   |
|   |   |   |   |   |   |   |   |   |   |
|   |   |   |   |   |   |   |   |   |   |
-------------------------------------------------
Player 2, Please pick a spot between 1-9 on the board: Turn 38
-------------------------------------------------
| X | O | X | O | X | O | X | O | X | O |
| X | O | X | O | X | O | X | O | X | O |
| X | O | X | O | X | O | X | O | X | O |
| X | O | X | O | X | O | X | O |   |   |
|   |   |   |   |   |   |   |   |   |   |
|   |   |   |   |   |   |   |   |   |   |
|   |   |   |   |   |   |   |   |   |   |
|   |   |   |   |   |   |   |   |   |   |
|   |   |   |   |   |   |   |   |   |   |
|   |   |   |   |   |   |   |   |   |   |
-------------------------------------------------
Player 1, Please pick a spot between 1-9 on the board: Turn 39
-------------------------------------------------
| X | O | X | O | X | O | X | O | X | O |
| X | O | X | O | X | O | X | O | X | O |
| X | O | X | O | X | O | X | O | X | O |
| X | O | X | O | X | O | X | O | X |   |
|   |   |   |   |   |   |   |   |   |   |
|   |   |   |   |   |   |   |   |   |   |
|   |   |   |   |   |   |   |   |   |   |
|   |   |   |   |   |   |   |   |   |   |
|   |   |   |   |   |   |   |   |   |   |
|   |   |   |   |   |   |   |   |   |   |
-------------------------------------------------
Player 2, Please pick a spot between 1-9 on the board: Turn 40
-------------------------------------------------
| X | O | X | O | X | O | X | O | X | O |
| X | O | X | O | X | O | X | O | X | O |
| X | O | X | O | X | O | X | O | X | O |
| X | O | X | O | X | O | X | O | X | O |
|   |   |   |   |   |   |   |   |   |   |
|   |   |   |   |   |   |   |   |   |   |
|   |   |   |   |   |   |   |   |   |   |
|   |   |   |   |   |   |   |   |   |   |
|   |   |   |   |   |   |   |   |   |   |
|   |   |   |   |   |   |   |   |   |   |
-------------------------------------------------
Player 1, Please pick a spot between 1-9 on the board: Turn 41
-------------------------------------------------
| X | O | X | O | X | O | X | O | X | O |
| X | O | X | O | X | O | X | O | X | O |
| X | O | X | O | X | O | X | O | X | O |
| X | O | X | O | X | O | X | O | X | O |
| X |   |   |   |   |   |   |   |   |   |
|   |   |   |   |   |   |   |   |   |   |
|   |   |   |   |   |   |   |   |   |   |
|   |   |   |   |   |   |   |   |   |   |
|   |   |   |   |   |   |   |   |   |   |
|   |   |   |   |   |   |   |   |   |   |
-------------------------------------------------
Player 2, Please pick a spot between 1-9 on the board: Turn 42
-------------------------------------------------
| X | O | X | O | X | O | X | O | X | O |
| X | O | X | O | X | O | X | O | X | O |
| X | O | X | O | X | O | X | O | X | O |
| X | O | X | O | X | O | X | O | X | O |
| X | O |   |   |   |   |   |   |   |   |
|   |   |   |   |   |   |   |   |   |   |
|   |   |   |   |   |   |   |   |   |   |
|   |   |   |   |   |   |   |   |   |   |
|   |   |   |   |   |   |   |   |   |   |
|   |   |   |   |   |   |   |   |   |   |
-------------------------------------------------
Player 1, Please pick a spot between 1-9 on the board: Turn 43
-------------------------------------------------
| X | O | X | O | X | O | X | O | X | O |
| X | O | X | O | X | O | X | O | X | O |
| X | O | X | O | X | O | X | O | X | O |
| X | O | X | O | X | O | X | O | X | O |
| X | O | X |   |   |   |   |   |   |   |
|   |   |   |   |   |   |   |   |   |   |
|   |   |   |   |   |   |   |   |   |   |
|   |   |   |   |   |   |   |   |   |   |
|   |   |   |   |   |   |   |   |   |   |
|   |   |   |   |   |   |   |   |   |   |
-------------------------------------------------
Player 2, Please pick a spot between 1-9 on the board: Turn 44
-------------------------------------------------
| X | O | X | O | X | O | X | O | X | O |
| X | O | X | O | X | O | X | O | X | O |
| X | O | X | O | X | O | X | O | X | O |
| X | O | X | O | X | O | X | O | X | O |
| X | O | X | O |   |   |   |   |   |   |
|   |   |   |   |   |   |   |   |   |   |
|   |   |   |   |   |   |   |   |   |   |
|   |   |   |   |   |   |   |   |   |   |
|   |   |   |   |   |   |   |   |   |   |
|   |   |   |   |   |   |   |   |   |   |
-------------------------------------------------
Player 1, Please pick a spot between 1-9 on the board: Turn 45
-------------------------------------------------
| X | O | X | O | X | O | X | O | X | O |
| X | O | X | O | X | O | X | O | X | O |
| X | O | X | O | X | O | X | O | X | O |
| X | O | X | O | X | O | X | O | X | O |
| X | O | X | O | X |   |   |   |   |   |
|   |   |   |   |   |   |   |   |   |   |
|   |   |   |   |   |   |   |   |   |   |
|   |   |   |   |   |   |   |   |   |   |
|   |   |   |   |   |   |   |   |   |   |
|   |   |   |   |   |   |   |   |   |   |
-------------------------------------------------
Player 2, Please pick a spot between 1-9 on the board: Turn 46
-------------------------------------------------
| X | O | X | O | X | O | X | O | X | O |
| X | O | X | O | X | O | X | O | X | O |
| X | O | X | O | X | O | X | O | X | O |
| X | O | X | O | X | O | X | O | X | O |
| X | O | X | O | X | O |   |   |   |   |
|   |   |   |   |   |   |   |   |   |   |
|   |   |   |   |   |   |   |   |   |   |
|   |   |   |   |   |   |   |   |   |   |
|   |   |   |   |   |   |   |   |   |   |
|   |   |   |   |   |   |   |   |   |   |
-------------------------------------------------
Player 1, Please pick a spot between 1-9 on the board: Turn 47
-------------------------------------------------
| X | O | X | O | X | O | X | O | X | O |
| X | O | X | O | X | O | X | O | X | O |
| X | O | X | O | X | O | X | O | X | O |
| X | O | X | O | X | O | X | O | X | O |
| X | O | X | O | X | O | X |   |   |   |
|   |   |   |   |   |   |   |   |   |   |
|   |   |   |   |   |   |   |   |   |   |
|   |   |   |   |   |   |   |   |   |   |
|   |   |   |   |   |   |   |   |   |   |
|   |   |   |   |   |   |   |   |   |   |
-------------------------------------------------
Player 2, Please pick a spot between 1-9 on the board: Turn 48
-------------------------------------------------
| X | O | X | O | X | O | X | O | X | O |
| X | O | X | O | X | O | X | O | X | O |
| X | O | X | O | X | O | X | O | X | O |
| X | O | X | O | X | O | X | O | X | O |
| X | O | X | O | X | O | X | O |   |   |
|   |   |   |   |   |   |   |   |   |   |
|   |   |   |   |   |   |   |   |   |   |
|   |   |   |   |   |   |   |   |   |   |
|   |   |   |   |   |   |   |   |   |   |
|   |   |   |   |   |   |   |   |   |   |
-------------------------------------------------
Player 1, Please pick a spot between 1-9 on the board: Turn 49
-------------------------------------------------
| X | O | X | O | X | O | X | O | X | O |
| X | O | X | O | X | O | X | O | X | O |
| X | O | X | O | X | O | X | O | X | O |
| X | O | X | O | X | O | X | O | X | O |
| X | O | X | O | X | O | X | O | X |   |
|   |   |   |   |   |   |   |   |   |   |
|   |   |   |   |   |   |   |   |   |   |
|   |   |   |   |   |   |   |   |   |   |
|   |   |   |   |   |   |   |   |   |   |
|   |   |   |   |   |   |   |   |   |   |
-------------------------------------------------
Player 2, Please pick a spot between 1-9 on the board: Turn 50
-------------------------------------------------
| X | O | X | O | X | O | X | O | X | O |
| X | O | X | O | X | O | X | O | X | O |
| X | O | X | O | X | O | X | O | X | O |
| X | O | X | O | X | O | X | O | X | O |
| X | O | X | O | X | O | X | O | X | O |
|   |   |   |   |   |   |   |   |   |   |
|   |   |   |   |   |   |   |   |   |   |
|   |   |   |   |   |   |   |   |   |   |
|   |   |   |   |   |   |   |   |   |   |
|   |   |   |   |   |   |   |   |   |   |
-------------------------------------------------
Player 1, Please pick a spot between 1-9 on the board: Turn 51
-------------------------------------------------
| X | O | X | O | X | O | X | O | X | O |
| X | O | X | O | X | O | X | O | X | O |
| X | O | X | O | X | O | X | O | X | O |
| X | O | X | O | X | O | X | O | X | O |
| X | O | X | O | X | O | X | O | X | O |
| X |   |   |   |   |   |   |   |   |   |
|   |   |   |   |   |   |   |   |   |   |
|   |   |   |   |   |   |   |   |   |   |
|   |   |   |   |   |   |   |   |   |   |
|   |   |   |   |   |   |   |   |   |   |
-------------------------------------------------
Player 2, Please pick a spot between 1-9 on the board: Turn 52
-------------------------------------------------
| X | O | X | O | X | O | X | O | X | O |
| X | O | X | O | X | O | X | O | X | O |
| X | O | X | O | X | O | X | O | X | O |
| X | O | X | O | X | O | X | O | X | O |
| X | O | X | O | X | O | X | O | X | O |
| X | O |   |   |   |   |   |   |   |   |
|   |   |   |   |   |   |   |   |   |   |
|   |   |   |   |   |   |   |   |   |   |
|   |   |   |   |   |   |   |   |   |   |
|   |   |   |   |   |   |   |   |   |   |
-------------------------------------------------
Player 1, Please pick a spot between 1-9 on the board: Turn 53
-------------------------------------------------
| X | O | X | O | X | O | X | O | X | O |
| X | O | X | O | X | O | X | O | X | O |
| X | O | X | O | X | O | X | O | X | O |
| X | O | X | O | X | O | X | O | X | O |
| X | O | X | O | X | O | X | O | X | O |
| X | O | X |   |   |   |   |   |   |   |
|   |   |   |   |   |   |   |   |   |   |
|   |   |   |   |   |   |   |   |   |   |
|   |   |   |   |   |   |   |   |   |   |
|   |   |   |   |   |   |   |   |   |   |
-------------------------------------------------
Player 2, Please pick a spot between 1-9 on the board: Turn 54
-------------------------------------------------
| X | O | X | O | X | O | X | O | X | O |
| X | O | X | O | X | O | X | O | X | O |
| X | O | X | O | X | O | X | O | X | O |
| X | O | X | O | X | O | X | O | X | O |
| X | O | X | O | X | O | X | O | X | O |
| X | O | X | O |   |   |   |   |   |   |
|   |   |   |   |   |   |   |   |   |   |
|   |   |   |   |   |   |   |   |   |   |
|   |   |   |   |   |   |   |   |   |   |
|   |   |   |   |   |   |   |   |   |   |
-------------------------------------------------
Player 1, Please pick a spot between 1-9 on the board: Turn 55
-------------------------------------------------
| X | O | X | O | X | O | X | O | X | O |
| X | O | X | O | X | O | X | O | X | O |
| X | O | X | O | X | O | X | O | X | O |
| X | O | X | O | X | O | X | O | X | O |
| X | O | X | O | X | O | X | O | X | O |
| X | O | X | O | X |   |   |   |   |   |
|   |   |   |   |   |   |   |   |   |   |
|   |   |   |   |   |   |   |   |   |   |
|   |   |   |   |   |   |   |   |   |   |
|   |   |   |   |   |   |   |   |   |   |
-------------------------------------------------
Player 2, Please pick a spot between 1-9 on the board: Turn 56
-------------------------------------------------
| X | O | X | O | X | O | X | O | X | O |
| X | O | X | O | X | O | X | O | X | O |
| X | O | X | O | X | O | X | O | X | O |
| X | O | X | O | X | O | X | O | X | O |
| X | O | X | O | X | O | X | O | X | O |
| X | O | X | O | X | O |   |   |   |   |
|   |   |   |   |   |   |   |   |   |   |
|   |   |   |   |   |   |   |   |   |   |
|   |   |   |   |   |   |   |   |   |   |
|   |   |   |   |   |   |   |   |   |   |
-------------------------------------------------
Player 1, Please pick a spot between 1-9 on the board: Turn 57
-------------------------------------------------
| X | O | X | O | X | O | X | O | X | O |
| X | O | X | O | X | O | X | O | X | O |
| X | O | X | O | X | O | X | O | X | O |
| X | O | X | O | X | O | X | O | X | O |
| X | O | X | O | X | O | X | O | X | O |
| X | O | X | O | X | O | X |   |   |   |
|   |   |   |   |   |   |   |   |   |   |
|   |   |   |   |   |   |   |   |   |   |
|   |   |   |   |   |   |   |   |   |   |
|   |   |   |   |   |   |   |   |   |   |
-------------------------------------------------
Player 2, Please pick a spot between 1-9 on the board: Turn 58
-------------------------------------------------
| X | O | X | O | X | O | X | O | X | O |
| X | O | X | O | X | O | X | O | X | O |
| X | O | X | O | X | O | X | O | X | O |
| X | O | X | O | X | O | X | O | X | O |
| X | O | X | O | X | O | X | O | X | O |
| X | O | X | O | X | O | X | O |   |   |
|   |   |   |   |   |   |   |   |   |   |
|   |   |   |   |   |   |   |   |   |   |
|   |   |   |   |   |   |   |   |   |   |
|   |   |   |   |   |   |   |   |   |   |
-------------------------------------------------
Player 1, Please pick a spot between 1-9 on the board: Turn 59
-------------------------------------------------
| X | O | X | O | X | O | X | O | X | O |
| X | O | X | O | X | O | X | O | X | O |
| X | O | X | O | X | O | X | O | X | O |
| X | O | X | O | X | O | X | O | X | O |
| X | O | X | O | X | O | X | O | X | O |
| X | O | X | O | X | O | X | O | X |   |
|   |   |   |   |   |   |   |   |   |   |
|   |   |   |   |   |   |   |   |   |   |
|   |   |   |   |   |   |   |   |   |   |
|   |   |   |   |   |   |   |   |   |   |
-------------------------------------------------
Player 2, Please pick a spot between 1-9 on the board: Turn 60
-------------------------------------------------
| X | O | X | O | X | O | X | O | X | O |
| X | O | X | O | X | O | X | O | X | O |
| X | O | X | O | X | O | X | O | X | O |
| X | O | X | O | X | O | X | O | X | O |
| X | O | X | O | X | O | X | O | X | O |
| X | O | X | O | X | O | X | O | X | O |
|   |   |   |   |   |   |   |   |   |   |
|   |   |   |   |   |   |   |   |   |   |
|   |   |   |   |   |   |   |   |   |   |
|   |   |   |   |   |   |   |   |   |   |
-------------------------------------------------
Player 1, Please pick a spot between 1-9 on the board: Turn 61
-------------------------------------------------
| X | O | X | O | X | O | X | O | X | O |
| X | O | X | O | X | O | X | O | X | O |
| X | O | X | O | X | O | X | O | X | O |
| X | O | X | O | X | O | X | O | X | O |
| X | O | X | O | X | O | X | O | X | O |
| X | O | X | O | X | O | X | O | X | O |
| X |   |   |   |   |   |   |   |   |   |
|   |   |   |   |   |   |   |   |   |   |
|   |   |   |   |   |   |   |   |   |   |
|   |   |   |   |   |   |   |   |   |   |
-------------------------------------------------
Player 2, Please pick a spot between 1-9 on the board: Turn 62
-------------------------------------------------
| X | O | X | O | X | O | X | O | X | O |
| X | O | X | O | X | O | X | O | X | O |
| X | O | X | O | X | O | X | O | X | O |
| X | O | X | O | X | O | X | O | X | O |
| X | O | X | O | X | O | X | O | X | O |
| X | O | X | O | X | O | X | O | X | O |
| X | O |   |   |   |   |   |   |   |   |
|   |   |   |   |   |   |   |   |   |   |
|   |   |   |   |   |   |   |   |   |   |
|   |   |   |   |   |   |   |   |   |   |
-------------------------------------------------
Player 1, Please pick a spot between 1-9 on the board: Turn 63
-------------------------------------------------
| X | O | X | O | X | O | X | O | X | O |
| X | O | X | O | X | O | X | O | X | O |
| X | O | X | O | X | O | X | O | X | O |
| X | O | X | O | X | O | X | O | X | O |
| X | O | X | O | X | O | X | O | X | O |
| X | O | X | O | X | O | X | O | X | O |
| X | O | X |   |   |   |   |   |   |   |
|   |   |   |   |   |   |   |   |   |   |
|   |   |   |   |   |   |   |   |   |   |
|   |   |   |   |   |   |   |   |   |   |
-------------------------------------------------
Player 2, Please pick a spot between 1-9 on the board: Turn 64
-------------------------------------------------
| X | O | X | O | X | O | X | O | X | O |
| X | O | X | O | X | O | X | O | X | O |
| X | O | X | O | X | O | X | O | X | O |
| X | O | X | O | X | O | X | O | X | O |
| X | O | X | O | X | O | X | O | X | O |
| X | O | X | O | X | O | X | O | X | O |
| X | O | X | O |   |   |   |   |   |   |
|   |   |   |   |   |   |   |   |   |   |
|   |   |   |   |   |   |   |   |   |   |
|   |   |   |   |   |   |   |   |   |   |
-------------------------------------------------
Player 1, Please pick a spot between 1-9 on the board: Turn 65
-------------------------------------------------
| X | O | X | O | X | O | X | O | X | O |
| X | O | X | O | X | O | X | O | X | O |
| X | O | X | O | X | O | X | O | X | O |
| X | O | X | O | X | O | X | O | X | O |
| X | O | X | O | X | O | X | O | X | O |
| X | O | X | O | X | O | X | O | X | O |
| X | O | X | O | X |   |   |   |   |   |
|   |   |   |   |   |   |   |   |   |   |
|   |   |   |   |   |   |   |   |   |   |
|   |   |   |   |   |   |   |   |   |   |
-------------------------------------------------
Player 2, Please pick a spot between 1-9 on the board: Turn 66
-------------------------------------------------
| X | O | X | O | X | O | X | O | X | O |
| X | O | X | O | X | O | X | O | X | O |
| X | O | X | O | X | O | X | O | X | O |
| X | O | X | O | X | O | X | O | X | O |
| X | O | X | O | X | O | X | O | X | O |
| X | O | X | O | X | O | X | O | X | O |
| X | O | X | O | X | O |   |   |   |   |
|   |   |   |   |   |   |   |   |   |   |
|   |   |   |   |   |   |   |   |   |   |
|   |   |   |   |   |   |   |   |   |   |
-------------------------------------------------
Player 1, Please pick a spot between 1-9 on the board: Turn 67
-------------------------------------------------
| X | O | X | O | X | O | X | O | X | O |
| X | O | X | O | X | O | X | O | X | O |
| X | O | X | O | X | O | X | O | X | O |
| X | O | X | O | X | O | X | O | X | O |
| X | O | X | O | X | O | X | O | X | O |
| X | O | X | O | X | O | X | O | X | O |
| X | O | X | O | X | O | X |   |   |   |
|   |   |   |   |   |   |   |   |   |   |
|   |   |   |   |   |   |   |   |   |   |
|   |   |   |   |   |   |   |   |   |   |
-------------------------------------------------
Player 2, Please pick a spot between 1-9 on the board: Turn 68
-------------------------------------------------
| X | O | X | O | X | O | X | O | X | O |
| X | O | X | O | X | O | X | O | X | O |
| X | O | X | O | X | O | X | O | X | O |
| X | O | X | O | X | O | X | O | X | O |
| X | O | X | O | X | O | X | O | X | O |
| X | O | X | O | X | O | X | O | X | O |
| X | O | X | O | X | O | X | O |   |   |
|   |   |   |   |   |   |   |   |   |   |
|   |   |   |   |   |   |   |   |   |   |
|   |   |   |   |   |   |   |   |   |   |
-------------------------------------------------
Player 1, Please pick a spot between 1-9 on the board: Turn 69
-------------------------------------------------
| X | O | X | O | X | O | X | O | X | O |
| X | O | X | O | X | O | X | O | X | O |
| X | O | X | O | X | O | X | O | X | O |
| X | O | X | O | X | O | X | O | X | O |
| X | O | X | O | X | O | X | O | X | O |
| X | O | X | O | X | O | X | O | X | O |
| X | O | X | O | X | O | X | O | X |   |
|   |   |   |   |   |   |   |   |   |   |
|   |   |   |   |   |   |   |   |   |   |
|   |   |   |   |   |   |   |   |   |   |
-------------------------------------------------
Player 2, Please pick a spot between 1-9 on the board: Turn 70
-------------------------------------------------
| X | O | X | O | X | O | X | O | X | O |
| X | O | X | O | X | O | X | O | X | O |
| X | O | X | O | X | O | X | O | X | O |
| X | O | X | O | X | O | X | O | X | O |
| X | O | X | O | X | O | X | O | X | O |
| X | O | X | O | X | O | X | O | X | O |
| X | O | X | O | X | O | X | O | X | O |
|   |   |   |   |   |   |   |   |   |   |
|   |   |   |   |   |   |   |   |   |   |
|   |   |   |   |   |   |   |   |   |   |
-------------------------------------------------
Player 1, Please pick a spot between 1-9 on the board: Turn 71
-------------------------------------------------
| X | O | X | O | X | O | X | O | X | O |
| X | O | X | O | X | O | X | O | X | O |
| X | O | X | O | X | O | X | O | X | O |
| X | O | X | O | X | O | X | O | X | O |
| X | O | X | O | X | O | X | O | X | O |
| X | O | X | O | X | O | X | O | X | O |
| X | O | X | O | X | O | X | O | X | O |
| X |   |   |   |   |   |   |   |   |   |
|   |   |   |   |   |   |   |   |   |   |
|   |   |   |   |   |   |   |   |   |   |
-------------------------------------------------
Player 2, Please pick a spot between 1-9 on the board: Turn 72
-------------------------------------------------
| X | O | X | O | X | O | X | O | X | O |
| X | O | X | O | X | O | X | O | X | O |
| X | O | X | O | X | O | X | O | X | O |
| X | O | X | O | X | O | X | O | X | O |
| X | O | X | O | X | O | X | O | X | O |
| X | O | X | O | X | O | X | O | X | O |
| X | O | X | O | X | O | X | O | X | O |
| X | O |   |   |   |   |   |   |   |   |
|   |   |   |   |   |   |   |   |   |   |
|   |   |   |   |   |   |   |   |   |   |
-------------------------------------------------
Player 1, Please pick a spot between 1-9 on the board: Turn 73
-------------------------------------------------
| X | O | X | O | X | O | X | O | X | O |
| X | O | X | O | X | O | X | O | X | O |
| X | O | X | O | X | O | X | O | X | O |
| X | O | X | O | X | O | X | O | X | O |
| X | O | X | O | X | O | X | O | X | O |
| X | O | X | O | X | O | X | O | X | O |
| X | O | X | O | X | O | X | O | X | O |
| X | O | X |   |   |   |   |   |   |   |
|   |   |   |   |   |   |   |   |   |   |
|   |   |   |   |   |   |   |   |   |   |
-------------------------------------------------
Player 2, Please pick a spot between 1-9 on the board: Turn 74
-------------------------------------------------
| X | O | X | O | X | O | X | O | X | O |
| X | O | X | O | X | O | X | O | X | O |
| X | O | X | O | X | O | X | O | X | O |
| X | O | X | O | X | O | X | O | X | O |
| X | O | X | O | X | O | X | O | X | O |
| X | O | X | O | X | O | X | O | X | O |
| X | O | X | O | X | O | X | O | X | O |
| X | O | X | O |   |   |   |   |   |   |
|   |   |   |   |   |   |   |   |   |   |
|   |   |   |   |   |   |   |   |   |   |
-------------------------------------------------
Player 1, Please pick a spot between 1-9 on the board: Turn 75
-------------------------------------------------
| X | O | X | O | X | O | X | O | X | O |
| X | O | X | O | X | O | X | O | X | O |
| X | O | X | O | X | O | X | O | X | O |
| X | O | X | O | X | O | X | O | X | O |
| X | O | X | O | X | O | X | O | X | O |
| X | O | X | O | X | O | X | O | X | O |
| X | O | X | O | X | O | X | O | X | O |
| X | O | X | O | X |   |   |   |   |   |
|   |   |   |   |   |   |   |   |   |   |
|   |   |   |   |   |   |   |   |   |   |
-------------------------------------------------
Player 2, Please pick a spot between 1-9 on the board: Turn 76
-------------------------------------------------
| X | O | X | O | X | O | X | O | X | O |
| X | O | X | O | X | O | X | O | X | O |
| X | O | X | O | X | O | X | O | X | O |
| X | O | X | O | X | O | X | O | X | O |
| X | O | X | O | X | O | X | O | X | O |
| X | O | X | O | X | O | X | O | X | O |
| X | O | X | O | X | O | X | O | X | O |
| X | O | X | O | X | O |   |   |   |   |
|   |   |   |   |   |   |   |   |   |   |
|   |   |   |   |   |   |   |   |   |   |
-------------------------------------------------
Player 1, Please pick a spot between 1-9 on the board: Turn 77
-------------------------------------------------
| X | O | X | O | X | O | X | O | X | O |
| X | O | X | O | X | O | X | O | X | O |
| X | O | X | O | X | O | X | O | X | O |
| X | O | X | O | X | O | X | O | X | O |
| X | O | X | O | X | O | X | O | X | O |
| X | O | X | O | X | O | X | O | X | O |
| X | O | X | O | X | O | X | O | X | O |
| X | O | X | O | X | O | X |   |   |   |
|   |   |   |   |   |   |   |   |   |   |
|   |   |   |   |   |   |   |   |   |   |
-------------------------------------------------
Player 2, Please pick a spot between 1-9 on the board: Turn 78
-------------------------------------------------
| X | O | X | O | X | O | X | O | X | O |
| X | O | X | O | X | O | X | O | X | O |
| X | O | X | O | X | O | X | O | X | O |
| X | O | X | O | X | O | X | O | X | O |
| X | O | X | O | X | O | X | O | X | O |
| X | O | X | O | X | O | X | O | X | O |
| X | O | X | O | X | O | X | O | X | O |
| X | O | X | O | X | O | X | O |   |   |
|   |   |   |   |   |   |   |   |   |   |
|   |   |   |   |   |   |   |   |   |   |
-------------------------------------------------
Player 1, Please pick a spot between 1-9 on the board: Turn 79
-------------------------------------------------
| X | O | X | O | X | O | X | O | X | O |
| X | O | X | O | X | O | X | O | X | O |
| X | O | X | O | X | O | X | O | X | O |
| X | O | X | O | X | O | X | O | X | O |
| X | O | X | O | X | O | X | O | X | O |
| X | O | X | O | X | O | X | O | X | O |
| X | O | X | O | X | O | X | O | X | O |
| X | O | X | O | X | O | X | O | X |   |
|   |   |   |   |   |   |   |   |   |   |
|   |   |   |   |   |   |   |   |   |   |
-------------------------------------------------
Player 2, Please pick a spot between 1-9 on the board: Turn 80
-------------------------------------------------
| X | O | X | O | X | O | X | O | X | O |
| X | O | X | O | X | O | X | O | X | O |
| X | O | X | O | X | O | X | O | X | O |
| X | O | X | O | X | O | X | O | X | O |
| X | O | X | O | X | O | X | O | X | O |
| X | O | X | O | X | O | X | O | X | O |
| X | O | X | O | X | O | X | O | X | O |
| X | O | X | O | X | O | X | O | X | O |
|   |   |   |   |   |   |   |   |   |   |
|   |   |   |   |   |   |   |   |   |   |
-------------------------------------------------
Player 1, Please pick a spot between 1-9 on the board: Turn 81
-------------------------------------------------
| X | O | X | O | X | O | X | O | X | O |
| X | O | X | O | X | O | X | O | X | O |
| X | O | X | O | X | O | X | O | X | O |
| X | O | X | O | X | O | X | O | X | O |
| X | O | X | O | X | O | X | O | X | O |
| X | O | X | O | X | O | X | O | X | O |
| X | O | X | O | X | O | X | O | X | O |
| X | O | X | O | X | O | X | O | X | O |
| X |   |   |   |   |   |   |   |   |   |
|   |   |   |   |   |   |   |   |   |   |
-------------------------------------------------
Player 2, Please pick a spot between 1-9 on the board: Turn 82
-------------------------------------------------
| X | O | X | O | X | O | X | O | X | O |
| X | O | X | O | X | O | X | O | X | O |
| X | O | X | O | X | O | X | O | X | O |
| X | O | X | O | X | O | X | O | X | O |
| X | O | X | O | X | O | X | O | X | O |
| X | O | X | O | X | O | X | O | X | O |
| X | O | X | O | X | O | X | O | X | O |
| X | O | X | O | X | O | X | O | X | O |
| X | O |   |   |   |   |   |   |   |   |
|   |   |   |   |   |   |   |   |   |   |
-------------------------------------------------
Player 1, Please pick a spot between 1-9 on the board: Turn 83
-------------------------------------------------
| X | O | X | O | X | O | X | O | X | O |
| X | O | X | O | X | O | X | O | X | O |
| X | O | X | O | X | O | X | O | X | O |
| X | O | X | O | X | O | X | O | X | O |
| X | O | X | O | X | O | X | O | X | O |
| X | O | X | O | X | O | X | O | X | O |
| X | O | X | O | X | O | X | O | X | O |
| X | O | X | O | X | O | X | O | X | O |
| X | O | X |   |   |   |   |   |   |   |
|   |   |   |   |   |   |   |   |   |   |
-------------------------------------------------
Player 2, Please pick a spot between 1-9 on the board: Turn 84
-------------------------------------------------
| X | O | X | O | X | O | X | O | X | O |
| X | O | X | O | X | O | X | O | X | O |
| X | O | X | O | X | O | X | O | X | O |
| X | O | X | O | X | O | X | O | X | O |
| X | O | X | O | X | O | X | O | X | O |
| X | O | X | O | X | O | X | O | X | O |
| X | O | X | O | X | O | X | O | X | O |
| X | O | X | O | X | O | X | O | X | O |
| X | O | X | O |   |   |   |   |   |   |
|   |   |   |   |   |   |   |   |   |   |
-------------------------------------------------
Player 1, Please pick a spot between 1-9 on the board: Turn 85
-------------------------------------------------
| X | O | X | O | X | O | X | O | X | O |
| X | O | X | O | X | O | X | O | X | O |
| X | O | X | O | X | O | X | O | X | O |
| X | O | X | O | X | O | X | O | X | O |
| X | O | X | O | X | O | X | O | X | O |
| X | O | X | O | X | O | X | O | X | O |
| X | O | X | O | X | O | X | O | X | O |
| X | O | X | O | X | O | X | O | X | O |
| X | O | X | O | X |   |   |   |   |   |
|   |   |   |   |   |   |   |   |   |   |
-------------------------------------------------
Player 2, Please pick a spot between 1-9 on the board: Turn 86
-------------------------------------------------
| X | O | X | O | X | O | X | O | X | O |
| X | O | X | O | X | O | X | O | X | O |
| X | O | X | O | X | O | X | O | X | O |
| X | O | X | O | X | O | X | O | X | O |
| X | O | X | O | X | O | X | O | X | O |
| X | O | X | O | X | O | X | O | X | O |
| X | O | X | O | X | O | X | O | X | O |
| X | O | X | O | X | O | X | O | X | O |
| X | O | X | O | X | O |   |   |   |   |
|   |   |   |   |   |   |   |   |   |   |
-------------------------------------------------
Player 1, Please pick a spot between 1-9 on the board: Turn 87
-------------------------------------------------
| X | O | X | O | X | O | X | O | X | O |
| X | O | X | O | X | O | X | O | X | O |
| X | O | X | O | X | O | X | O | X | O |
| X | O | X | O | X | O | X | O | X | O |
| X | O | X | O | X | O | X | O | X | O |
| X | O | X | O | X | O | X | O | X | O |
| X | O | X | O | X | O | X | O | X | O |
| X | O | X | O | X | O | X | O | X | O |
| X | O | X | O | X | O | X |   |   |   |
|   |   |   |   |   |   |   |   |   |   |
-------------------------------------------------
Player 2, Please pick a spot between 1-9 on the board: Turn 88
-------------------------------------------------
| X | O | X | O | X | O | X | O | X | O |
| X | O | X | O | X | O | X | O | X | O |
| X | O | X | O | X | O | X | O | X | O |
| X | O | X | O | X | O | X | O | X | O |
| X | O | X | O | X | O | X | O | X | O |
| X | O | X | O | X | O | X | O | X | O |
| X | O | X | O | X | O | X | O | X | O |
| X | O | X | O | X | O | X | O | X | O |
| X | O | X | O | X | O | X | O |   |   |
|   |   |   |   |   |   |   |   |   |   |
-------------------------------------------------
Player 1, Please pick a spot between 1-9 on the board: Turn 89
-------------------------------------------------
| X | O | X | O | X | O | X | O | X | O |
| X | O | X | O | X | O | X | O | X | O |
| X | O | X | O | X | O | X | O | X | O |
| X | O | X | O | X | O | X | O | X | O |
| X | O | X | O | X | O | X | O | X | O |
| X | O | X | O | X | O | X | O | X | O |
| X | O | X | O | X | O | X | O | X | O |
| X | O | X | O | X | O | X | O | X | O |
| X | O | X | O | X | O | X | O | X |   |
|   |   |   |   |   |   |   |   |   |   |
-------------------------------------------------
Player 2, Please pick a spot between 1-9 on the board: Turn 90
-------------------------------------------------
| X | O | X | O | X | O | X | O | X | O |
| X | O | X | O | X | O | X | O | X | O |
| X | O | X | O | X | O | X | O | X | O |
| X | O | X | O | X | O | X | O | X | O |
| X | O | X | O | X | O | X | O | X | O |
| X | O | X | O | X | O | X | O | X | O |
| X | O | X | O | X | O | X | O | X | O |
| X | O | X | O | X | O | X | O | X | O |
| X | O | X | O | X | O | X | O | X | O |
|   |   |   |   |   |   |   |   |   |   |
-------------------------------------------------
Player 1, Please pick a spot between 1-9 on the board: Turn 91
-------------------------------------------------
| X | O | X | O | X | O | X | O | X | O |
| X | O | X | O | X | O | X | O | X | O |
| X | O | X | O | X | O | X | O | X | O |
| X | O | X | O | X | O | X | O | X | O |
| X | O | X | O | X | O | X | O | X | O |
| X | O | X | O | X | O | X | O | X | O |
| X | O | X | O | X | O | X | O | X | O |
| X | O | X | O | X | O | X | O | X | O |
| X | O | X | O | X | O | X | O | X | O |
| X |   |   |   |   |   |   |   |   |   |
-------------------------------------------------
Player 1 is the Winner!
